"../../../Engine/Content/BasicShapes/BasicShapeMaterial.uasset" 0
"../../../Engine/Content/Functions/Engine_MaterialFunctions01/Opacity/CameraDepthFade.uasset" 1
"../../../Engine/Content/EngineMaterials/T_Default_Material_Grid_M.uasset" 2
"../../../Engine/Content/EngineMaterials/T_Default_Material_Grid_N.uasset" 3
"../../../Engine/Content/EngineMaterials/DefaultMaterial.uasset" 4
"../../../Engine/Content/BasicShapes/Sphere.uasset" 5
"C:/Users/johan/Documents/GalaxyGrape2/GalaxyGrape/Content/BP_Character_2.uasset" 6
"../../../Engine/Content/EditorBlueprintResources/StandardMacros.uasset" 7
"../../Plugins/2D/Paper2D/Content/PlaceholderTextures/DummySpriteTexture.uasset" 8
"../../Plugins/2D/Paper2D/Content/DummySpriteTexture.uasset" 9
"../../Plugins/2D/Paper2D/Content/DefaultSpriteMaterial.uasset" 10
"../../Plugins/2D/Paper2D/Content/TranslucentUnlitSpriteMaterial.uasset" 11
"C:/Users/johan/Documents/GalaxyGrape2/GalaxyGrape/Content/Sprites/D_D_1_Sprite.uasset" 12
"C:/Users/johan/Documents/GalaxyGrape2/GalaxyGrape/Content/Sprites/D_D_2_Sprite.uasset" 13
"C:/Users/johan/Documents/GalaxyGrape2/GalaxyGrape/Content/Sprites/FB_DD.uasset" 14
"C:/Users/johan/Documents/GalaxyGrape2/GalaxyGrape/Content/Sprites/D_L_1_Sprite.uasset" 15
"C:/Users/johan/Documents/GalaxyGrape2/GalaxyGrape/Content/Sprites/D_L_2_Sprite.uasset" 16
"C:/Users/johan/Documents/GalaxyGrape2/GalaxyGrape/Content/Sprites/FB_DL.uasset" 17
"C:/Users/johan/Documents/GalaxyGrape2/GalaxyGrape/Content/Sprites/D_R_1_Sprite.uasset" 18
"C:/Users/johan/Documents/GalaxyGrape2/GalaxyGrape/Content/Sprites/D_R_2_Sprite.uasset" 19
"C:/Users/johan/Documents/GalaxyGrape2/GalaxyGrape/Content/Sprites/FB_DR.uasset" 20
"C:/Users/johan/Documents/GalaxyGrape2/GalaxyGrape/Content/Sprites/D_U_1_Sprite.uasset" 21
"C:/Users/johan/Documents/GalaxyGrape2/GalaxyGrape/Content/Sprites/D_U_2_Sprite.uasset" 22
"C:/Users/johan/Documents/GalaxyGrape2/GalaxyGrape/Content/Sprites/FB_DU.uasset" 23
"C:/Users/johan/Documents/GalaxyGrape2/GalaxyGrape/Content/Sprites/H_D_1_Sprite.uasset" 24
"C:/Users/johan/Documents/GalaxyGrape2/GalaxyGrape/Content/Sprites/H_D_2_Sprite.uasset" 25
"C:/Users/johan/Documents/GalaxyGrape2/GalaxyGrape/Content/Sprites/FB_HD.uasset" 26
"C:/Users/johan/Documents/GalaxyGrape2/GalaxyGrape/Content/Sprites/H_L_1_Sprite.uasset" 27
"C:/Users/johan/Documents/GalaxyGrape2/GalaxyGrape/Content/Sprites/H_L_2_Sprite.uasset" 28
"C:/Users/johan/Documents/GalaxyGrape2/GalaxyGrape/Content/Sprites/FB_HL.uasset" 29
"C:/Users/johan/Documents/GalaxyGrape2/GalaxyGrape/Content/Sprites/H_R_1_Sprite.uasset" 30
"C:/Users/johan/Documents/GalaxyGrape2/GalaxyGrape/Content/Sprites/H_R_2_Sprite.uasset" 31
"C:/Users/johan/Documents/GalaxyGrape2/GalaxyGrape/Content/Sprites/FB_HR.uasset" 32
"C:/Users/johan/Documents/GalaxyGrape2/GalaxyGrape/Content/Sprites/H_U_1_Sprite.uasset" 33
"C:/Users/johan/Documents/GalaxyGrape2/GalaxyGrape/Content/Sprites/H_U_2_Sprite.uasset" 34
"C:/Users/johan/Documents/GalaxyGrape2/GalaxyGrape/Content/Sprites/FB_HU.uasset" 35
"C:/Users/johan/Documents/GalaxyGrape2/GalaxyGrape/Content/BP_Gamemode.uasset" 36
"C:/Users/johan/Documents/GalaxyGrape2/GalaxyGrape/Content/Blueprints/BP_Character.uasset" 37
"C:/Users/johan/Documents/GalaxyGrape2/GalaxyGrape/Content/BP_Clone.uasset" 38
"C:/Users/johan/Documents/GalaxyGrape2/GalaxyGrape/Content/BP_Player.uasset" 39
"C:/Users/johan/Documents/GalaxyGrape2/GalaxyGrape/Content/Materials/M_Stranger.uasset" 40
"C:/Users/johan/Documents/GalaxyGrape2/GalaxyGrape/Content/BP_Stranger.uasset" 41
"C:/Users/johan/Documents/GalaxyGrape2/GalaxyGrape/Content/Sprites/gamejam2020_house_sad_Sprite.uasset" 42
"C:/Users/johan/Documents/GalaxyGrape2/GalaxyGrape/Content/BP_TestFloor1.uasset" 43
"C:/Users/johan/Documents/GalaxyGrape2/GalaxyGrape/Content/BP_TestFloor_2.uasset" 44
"C:/Users/johan/Documents/GalaxyGrape2/GalaxyGrape/Content/BP_TestWall.uasset" 45
"C:/Users/johan/Documents/GalaxyGrape2/GalaxyGrape/Content/char_p1.uasset" 46
"C:/Users/johan/Documents/GalaxyGrape2/GalaxyGrape/Content/char_p2.uasset" 47
"C:/Users/johan/Documents/GalaxyGrape2/GalaxyGrape/Content/LV_MainMenu.uasset" 48
"C:/Users/johan/Documents/GalaxyGrape2/GalaxyGrape/Content/LV_Odin.uasset" 49
"C:/Users/johan/Documents/GalaxyGrape2/GalaxyGrape/Content/Levels/LV_Odin_BuiltData.uasset" 50
"C:/Users/johan/Documents/GalaxyGrape2/GalaxyGrape/Content/LV_Odin_BuiltData.uasset" 51
"C:/Users/johan/Documents/GalaxyGrape2/GalaxyGrape/Content/maatuska.uasset" 52
"C:/Users/johan/Documents/GalaxyGrape2/GalaxyGrape/Content/Slow-Intro.uasset" 53
"C:/Users/johan/Documents/GalaxyGrape2/GalaxyGrape/Content/MenuMusic.uasset" 54
"C:/Users/johan/Documents/GalaxyGrape2/GalaxyGrape/Content/Music.uasset" 55
"C:/Users/johan/Documents/GalaxyGrape2/GalaxyGrape/Content/MusicbGG.uasset" 56
"C:/Users/johan/Documents/GalaxyGrape2/GalaxyGrape/Content/M_Stranger.uasset" 57
"C:/Users/johan/Documents/GalaxyGrape2/GalaxyGrape/Content/Blueprints/BP_AnimationCode.uasset" 58
"C:/Users/johan/Documents/GalaxyGrape2/GalaxyGrape/Content/Levels/Untitled_BuiltData.uasset" 59
"C:/Users/johan/Documents/GalaxyGrape2/GalaxyGrape/Content/Sprites/Bench_map_D.uasset" 60
"C:/Users/johan/Documents/GalaxyGrape2/GalaxyGrape/Content/Sprites/D_DL_1.uasset" 61
"C:/Users/johan/Documents/GalaxyGrape2/GalaxyGrape/Content/Sprites/D_DL_2.uasset" 62
"C:/Users/johan/Documents/GalaxyGrape2/GalaxyGrape/Content/Sprites/D_DR_1.uasset" 63
"C:/Users/johan/Documents/GalaxyGrape2/GalaxyGrape/Content/Sprites/D_DR_2.uasset" 64
"C:/Users/johan/Documents/GalaxyGrape2/GalaxyGrape/Content/Sprites/D_D_1.uasset" 65
"C:/Users/johan/Documents/GalaxyGrape2/GalaxyGrape/Content/Sprites/D_D_2.uasset" 66
"C:/Users/johan/Documents/GalaxyGrape2/GalaxyGrape/Content/Sprites/D_L_1.uasset" 67
"C:/Users/johan/Documents/GalaxyGrape2/GalaxyGrape/Content/Sprites/D_L_2.uasset" 68
"C:/Users/johan/Documents/GalaxyGrape2/GalaxyGrape/Content/Sprites/D_R_1.uasset" 69
"C:/Users/johan/Documents/GalaxyGrape2/GalaxyGrape/Content/Sprites/D_R_2.uasset" 70
"C:/Users/johan/Documents/GalaxyGrape2/GalaxyGrape/Content/Sprites/D_UL_1.uasset" 71
"C:/Users/johan/Documents/GalaxyGrape2/GalaxyGrape/Content/Sprites/D_UL_2.uasset" 72
"C:/Users/johan/Documents/GalaxyGrape2/GalaxyGrape/Content/Sprites/D_UR_1.uasset" 73
"C:/Users/johan/Documents/GalaxyGrape2/GalaxyGrape/Content/Sprites/D_UR_2.uasset" 74
"C:/Users/johan/Documents/GalaxyGrape2/GalaxyGrape/Content/Sprites/D_U_1.uasset" 75
"C:/Users/johan/Documents/GalaxyGrape2/GalaxyGrape/Content/Sprites/D_U_2.uasset" 76
"C:/Users/johan/Documents/GalaxyGrape2/GalaxyGrape/Content/Sprites/D_DL_1_Sprite.uasset" 77
"C:/Users/johan/Documents/GalaxyGrape2/GalaxyGrape/Content/Sprites/D_DL_2_Sprite.uasset" 78
"C:/Users/johan/Documents/GalaxyGrape2/GalaxyGrape/Content/Sprites/FB_DDL.uasset" 79
"C:/Users/johan/Documents/GalaxyGrape2/GalaxyGrape/Content/Sprites/D_DR_1_Sprite.uasset" 80
"C:/Users/johan/Documents/GalaxyGrape2/GalaxyGrape/Content/Sprites/D_DR_2_Sprite.uasset" 81
"C:/Users/johan/Documents/GalaxyGrape2/GalaxyGrape/Content/Sprites/FB_DDR.uasset" 82
"C:/Users/johan/Documents/GalaxyGrape2/GalaxyGrape/Content/Sprites/D_UL_1_Sprite.uasset" 83
"C:/Users/johan/Documents/GalaxyGrape2/GalaxyGrape/Content/Sprites/D_UL_2_Sprite.uasset" 84
"C:/Users/johan/Documents/GalaxyGrape2/GalaxyGrape/Content/Sprites/FB_DUL.uasset" 85
"C:/Users/johan/Documents/GalaxyGrape2/GalaxyGrape/Content/Sprites/D_UR_1_Sprite.uasset" 86
"C:/Users/johan/Documents/GalaxyGrape2/GalaxyGrape/Content/Sprites/D_UR_2_Sprite.uasset" 87
"C:/Users/johan/Documents/GalaxyGrape2/GalaxyGrape/Content/Sprites/FB_DUR.uasset" 88
"C:/Users/johan/Documents/GalaxyGrape2/GalaxyGrape/Content/Sprites/H_DL_1_Sprite.uasset" 89
"C:/Users/johan/Documents/GalaxyGrape2/GalaxyGrape/Content/Sprites/H_DL_2_Sprite.uasset" 90
"C:/Users/johan/Documents/GalaxyGrape2/GalaxyGrape/Content/Sprites/FB_HDL.uasset" 91
"C:/Users/johan/Documents/GalaxyGrape2/GalaxyGrape/Content/Sprites/H_DR_1_Sprite.uasset" 92
"C:/Users/johan/Documents/GalaxyGrape2/GalaxyGrape/Content/Sprites/H_DR_2_Sprite.uasset" 93
"C:/Users/johan/Documents/GalaxyGrape2/GalaxyGrape/Content/Sprites/FB_HDR.uasset" 94
"C:/Users/johan/Documents/GalaxyGrape2/GalaxyGrape/Content/Sprites/H_UL_1_Sprite.uasset" 95
"C:/Users/johan/Documents/GalaxyGrape2/GalaxyGrape/Content/Sprites/H_UL_2_Sprite.uasset" 96
"C:/Users/johan/Documents/GalaxyGrape2/GalaxyGrape/Content/Sprites/FB_HUL.uasset" 97
"C:/Users/johan/Documents/GalaxyGrape2/GalaxyGrape/Content/Sprites/H_UR_1_Sprite.uasset" 98
"C:/Users/johan/Documents/GalaxyGrape2/GalaxyGrape/Content/Sprites/H_UR_2_Sprite.uasset" 99
"C:/Users/johan/Documents/GalaxyGrape2/GalaxyGrape/Content/Sprites/FB_HUR.uasset" 100
"C:/Users/johan/Documents/GalaxyGrape2/GalaxyGrape/Content/Sprites/gamejam2020_house_happy2_top.uasset" 101
"C:/Users/johan/Documents/GalaxyGrape2/GalaxyGrape/Content/Sprites/gamejam2020_house_happy_dooropen_1_.uasset" 102
"C:/Users/johan/Documents/GalaxyGrape2/GalaxyGrape/Content/Sprites/gamejam2020_house_sad2_top_1_.uasset" 103
"C:/Users/johan/Documents/GalaxyGrape2/GalaxyGrape/Content/Sprites/gamejam2020_house_sad_dooropen.uasset" 104
"C:/Users/johan/Documents/GalaxyGrape2/GalaxyGrape/Content/Sprites/H_DL_1.uasset" 105
"C:/Users/johan/Documents/GalaxyGrape2/GalaxyGrape/Content/Sprites/H_DL_2.uasset" 106
"C:/Users/johan/Documents/GalaxyGrape2/GalaxyGrape/Content/Sprites/H_DR_1.uasset" 107
"C:/Users/johan/Documents/GalaxyGrape2/GalaxyGrape/Content/Sprites/H_DR_2.uasset" 108
"C:/Users/johan/Documents/GalaxyGrape2/GalaxyGrape/Content/Sprites/H_D_1.uasset" 109
"C:/Users/johan/Documents/GalaxyGrape2/GalaxyGrape/Content/Sprites/H_D_2.uasset" 110
"C:/Users/johan/Documents/GalaxyGrape2/GalaxyGrape/Content/Sprites/H_L_1.uasset" 111
"C:/Users/johan/Documents/GalaxyGrape2/GalaxyGrape/Content/Sprites/H_L_2.uasset" 112
"C:/Users/johan/Documents/GalaxyGrape2/GalaxyGrape/Content/Sprites/H_R_1.uasset" 113
"C:/Users/johan/Documents/GalaxyGrape2/GalaxyGrape/Content/Sprites/H_R_2.uasset" 114
"C:/Users/johan/Documents/GalaxyGrape2/GalaxyGrape/Content/Sprites/H_UL_1.uasset" 115
"C:/Users/johan/Documents/GalaxyGrape2/GalaxyGrape/Content/Sprites/H_UL_2.uasset" 116
"C:/Users/johan/Documents/GalaxyGrape2/GalaxyGrape/Content/Sprites/H_UR_1.uasset" 117
"C:/Users/johan/Documents/GalaxyGrape2/GalaxyGrape/Content/Sprites/H_UR_2.uasset" 118
"C:/Users/johan/Documents/GalaxyGrape2/GalaxyGrape/Content/Sprites/H_U_1.uasset" 119
"C:/Users/johan/Documents/GalaxyGrape2/GalaxyGrape/Content/Sprites/H_U_2.uasset" 120
"C:/Users/johan/Documents/GalaxyGrape2/GalaxyGrape/Content/Sprites/Texture/gamejam2020_house_happy.uasset" 121
"C:/Users/johan/Documents/GalaxyGrape2/GalaxyGrape/Content/Sprites/Texture/gamejam2020_house_sad.uasset" 122
"../../../Engine/Content/Animation/DefaultAnimCurveCompressionSettings.uasset" 123
"../../../Engine/Content/EngineMaterials/WorldGridMaterial.uasset" 124
"../../../Engine/Content/ArtTools/RenderToTexture/Meshes/S_1_Unit_Plane.uasset" 125
"../../../Engine/Content/BasicShapes/Cone.uasset" 126
"../../../Engine/Content/BasicShapes/Cylinder.uasset" 127
"../../../Engine/Content/BasicShapes/Plane.uasset" 128
"../../../Engine/Content/EditorLandscapeResources/DataLayer.uasset" 129
"../../../Engine/Content/EditorMaterials/MAT_Groups_Toggle.uasset" 130
"../../../Engine/Content/EditorMaterials/MAT_Groups_Visibility.uasset" 131
"../../../Engine/Content/EditorMaterials/PreviewShadowIndicator.uasset" 132
"../../../Engine/Content/EditorMaterials/PreviewShadowIndicatorMaterial.uasset" 133
"../../../Engine/Content/EditorMaterials/MatineeGroups/MAT_ColorTrack.uasset" 134
"../../../Engine/Content/EditorMaterials/MatineeGroups/MAT_Groups_Anim.uasset" 135
"../../../Engine/Content/EditorMaterials/MatineeGroups/MAT_Groups_AudioMaster.uasset" 136
"../../../Engine/Content/EditorMaterials/MatineeGroups/MAT_Groups_Director.uasset" 137
"../../../Engine/Content/EditorMaterials/MatineeGroups/MAT_Groups_Event.uasset" 138
"../../../Engine/Content/EditorMaterials/MatineeGroups/MAT_Groups_Fade.uasset" 139
"../../../Engine/Content/EditorMaterials/MatineeGroups/MAT_Groups_Float.uasset" 140
"../../../Engine/Content/EditorMaterials/MatineeGroups/MAT_Groups_Move.uasset" 141
"../../../Engine/Content/EditorMaterials/MatineeGroups/MAT_Groups_Slomo.uasset" 142
"../../../Engine/Content/EditorMaterials/MatineeGroups/MAT_Groups_Sound.uasset" 143
"../../../Engine/Content/EditorMaterials/MatineeGroups/MAT_Groups_Vector.uasset" 144
"../../../Engine/Content/EditorMaterials/ParticleSystems/PSysThumbnail_NoImage.uasset" 145
"../../../Engine/Content/EditorMaterials/ParticleSystems/PSysThumbnail_OOD.uasset" 146
"../../../Engine/Content/EditorMaterials/Camera/CineMat.uasset" 147
"../../../Engine/Content/EditorMaterials/Camera/MI_CineMat_Rig.uasset" 148
"../../../Engine/Content/EditorMeshes/Camera/SM_CraneRig_Arm.uasset" 149
"../../../Engine/Content/EditorMeshes/Camera/SM_CraneRig_Base.uasset" 150
"../../../Engine/Content/EditorMeshes/Camera/SM_CraneRig_Body.uasset" 151
"../../../Engine/Content/EditorMeshes/Camera/SM_CraneRig_Mount.uasset" 152
"../../../Engine/Content/EditorMeshes/Camera/SM_RailRig_Mount.uasset" 153
"../../../Engine/Content/EditorMeshes/Camera/SM_RailRig_Track.uasset" 154
"../../../Engine/Content/EditorResources/BSPVertex.uasset" 155
"../../../Engine/Content/EditorResources/EmptyActor.uasset" 156
"../../../Engine/Content/EditorResources/S_Actor.uasset" 157
"../../../Engine/Content/EditorResources/S_KPrismatic.uasset" 158
"../../../Engine/Content/EditorResources/S_Note.uasset" 159
"../../../Engine/Content/EditorResources/S_Solver.uasset" 160
"../../../Engine/Content/EditorResources/S_Trigger.uasset" 161
"../../../Engine/Content/EditorResources/LightIcons/S_LightError.uasset" 162
"../../../Engine/Content/EditorResources/SequenceRecorder/Countdown.uasset" 163
"../../../Engine/Content/EditorResources/SequenceRecorder/RecordingIndicator.uasset" 164
"../../../Engine/Content/EditorSounds/Notifications/CompileFailed.uasset" 165
"../../../Engine/Content/EditorSounds/Notifications/CompileFailed_Cue.uasset" 166
"../../../Engine/Content/EditorSounds/Notifications/CompileSuccess.uasset" 167
"../../../Engine/Content/EditorSounds/Notifications/CompileStart_Cue.uasset" 168
"../../../Engine/Content/EditorSounds/Notifications/CompileSuccess_Cue.uasset" 169
"../../../Engine/Content/EngineDamageTypes/DmgTypeBP_Environmental.uasset" 170
"../../../Engine/Content/EngineDebugMaterials/DebugEditorMaterial.uasset" 171
"../../../Engine/Content/EngineDebugMaterials/DebugMeshMaterial.uasset" 172
"../../../Engine/Content/EngineDebugMaterials/M_SimpleTranslucent.uasset" 173
"../../../Engine/Content/Functions/Engine_MaterialFunctions02/Utility/CameraDirectionVector.uasset" 174
"../../../Engine/Content/EngineDebugMaterials/VolumeToRender.uasset" 175
"../../../Engine/Content/EngineDebugMaterials/M_VolumeRenderSphereTracePP.uasset" 176
"../../../Engine/Content/EngineDebugMaterials/WireframeMaterial.uasset" 177
"../../../Engine/Content/EngineFonts/Faces/DroidSansFallback.uasset" 178
"../../../Engine/Content/EngineFonts/Faces/RobotoBold.uasset" 179
"../../../Engine/Content/EngineFonts/Faces/RobotoBoldItalic.uasset" 180
"../../../Engine/Content/EngineFonts/Faces/RobotoItalic.uasset" 181
"../../../Engine/Content/EngineFonts/Faces/RobotoLight.uasset" 182
"../../../Engine/Content/EngineFonts/Faces/RobotoRegular.uasset" 183
"../../../Engine/Content/EngineFonts/Roboto.uasset" 184
"../../../Engine/Content/EngineMaterials/BaseFlattenDiffuseMap.uasset" 185
"../../../Engine/Content/EngineMaterials/BaseFlattenEmissiveMap.uasset" 186
"../../../Engine/Content/EngineMaterials/BaseFlattenGrayscaleMap.uasset" 187
"../../../Engine/Content/EngineMaterials/BaseFlattenNormalMap.uasset" 188
"../../../Engine/Content/EngineMaterials/BaseFlattenMaterial.uasset" 189
"../../../Engine/Content/EngineMaterials/BlueNoise.uasset" 190
"../../../Engine/Content/EngineMaterials/DefaultBloomKernel.uasset" 191
"../../../Engine/Content/EngineMaterials/DefaultBokeh.uasset" 192
"../../../Engine/Content/EngineMaterials/DefaultDiffuse.uasset" 193
"../../../Engine/Content/EngineMaterials/DefaultDeferredDecalMaterial.uasset" 194
"../../../Engine/Content/EngineMaterials/DefaultLightFunctionMaterial.uasset" 195
"../../../Engine/Content/EngineMaterials/DefaultPhysicalMaterial.uasset" 196
"../../../Engine/Content/Functions/Engine_MaterialFunctions02/Utility/BreakOutFloat2Components.uasset" 197
"../../../Engine/Content/EngineMaterials/DefaultPostProcessMaterial.uasset" 198
"../../../Engine/Content/EngineFonts/RobotoDistanceField.uasset" 199
"../../../Engine/Content/EngineMaterials/DefaultTextMaterialOpaque.uasset" 200
"../../../Engine/Content/EngineMaterials/DefaultVirtualTextureMaterial.uasset" 201
"../../../Engine/Content/EngineMaterials/DefaultWhiteGrid.uasset" 202
"../../../Engine/Content/EngineMaterials/DefaultWhiteGrid_Low.uasset" 203
"../../../Engine/Content/EngineMaterials/EmissiveMeshMaterial.uasset" 204
"../../../Engine/Content/EngineMaterials/GizmoMaterial.uasset" 205
"../../../Engine/Content/EngineMaterials/Good64x64TilingNoiseHighFreq.uasset" 206
"../../../Engine/Content/EngineMaterials/HairDefaultMaterial.uasset" 207
"../../../Engine/Content/EngineMaterials/MiniFont.uasset" 208
"../../../Engine/Content/EngineMaterials/InvalidLightmapSettings.uasset" 209
"../../../Engine/Content/EngineMaterials/M_InvalidLightmapSettings.uasset" 210
"../../../Engine/Content/Functions/Engine_MaterialFunctions02/WorldPositionOffset/CameraOffset.uasset" 211
"../../../Engine/Content/EngineMaterials/PhAT_JointLimitMaterial.uasset" 212
"../../../Engine/Content/EngineMaterials/PreintegratedSkinBRDF.uasset" 213
"../../../Engine/Content/EngineMaterials/RemoveSurfaceMaterial.uasset" 214
"../../../Engine/Content/EngineMaterials/WeightMapPlaceholderTexture.uasset" 215
"../../../Engine/Content/EngineResources/WhiteSquareTexture.uasset" 216
"../../../Engine/Content/EngineMaterials/Widget3DPassThrough.uasset" 217
"../../../Engine/Content/EngineMaterials/Widget3DPassThrough_Masked.uasset" 218
"../../../Engine/Content/EngineMaterials/Widget3DPassThrough_Opaque.uasset" 219
"../../../Engine/Content/EngineMaterials/Widget3DPassThrough_Masked_OneSided.uasset" 220
"../../../Engine/Content/EngineMaterials/Widget3DPassThrough_Opaque_OneSided.uasset" 221
"../../../Engine/Content/EngineMaterials/Widget3DPassThrough_Translucent.uasset" 222
"../../../Engine/Content/EngineMaterials/Widget3DPassThrough_Translucent_OneSided.uasset" 223
"../../../Engine/Content/EngineMeshes/Cylinder.uasset" 224
"../../../Engine/Content/EngineMeshes/Sphere.uasset" 225
"../../../Engine/Content/EngineResources/Black.uasset" 226
"../../../Engine/Content/EngineResources/DefaultTexture.uasset" 227
"../../../Engine/Content/EngineResources/DefaultTextureCube.uasset" 228
"../../../Engine/Content/EngineResources/DefaultVolumeTexture2D.uasset" 229
"../../../Engine/Content/EngineResources/DefaultVolumeTexture.uasset" 230
"../../../Engine/Content/EngineResources/GradientTexture0.uasset" 231
"../../../Engine/Content/EngineSounds/Master.uasset" 232
"../../../Engine/Content/Functions/Engine_MaterialFunctions01/Shading/ConvertFromDiffSpec.uasset" 233
"../../../Engine/Content/Functions/Engine_MaterialFunctions01/Shading/PowerToRoughness.uasset" 234
"../../../Engine/Content/Maps/Templates/Thumbnails/Default.uasset" 235
"../../../Engine/Content/Maps/Templates/Thumbnails/TimeOfDay.uasset" 236
"../../../Engine/Content/Maps/Templates/Thumbnails/VR-Basic.uasset" 237
"../../../Engine/Content/MobileResources/T_MobileControls_texture.uasset" 238
"../../../Engine/Content/MobileResources/T_MobileMenu2.uasset" 239
"../../../Engine/Content/MobileResources/HUD/AnalogHat.uasset" 240
"../../../Engine/Content/MobileResources/HUD/VirtualJoystick_Background.uasset" 241
"../../../Engine/Content/MobileResources/HUD/VirtualJoystick_Thumb.uasset" 242
"../../../Engine/Content/MobileResources/HUD/DefaultVirtualJoysticks.uasset" 243
"../../../Engine/Content/MobileResources/HUD/LeftVirtualJoystickOnly.uasset" 244
"../../../Engine/Content/MobileResources/HUD/MobileHUDButton1_off.uasset" 245
"../../../Engine/Content/MobileResources/HUD/MobileHUDButton1_on.uasset" 246
"../../../Engine/Content/MobileResources/HUD/MobileHUDButton2_off.uasset" 247
"../../../Engine/Content/MobileResources/HUD/MobileHUDButton2_on.uasset" 248
"../../../Engine/Content/MobileResources/HUD/MobileHUDButton3.uasset" 249
"../../../Engine/Content/MobileResources/HUD/MobileHUDButtonFire.uasset" 250
"../../../Engine/Content/MobileResources/HUD/MobileHUDDirectionPad.uasset" 251
"../../../Engine/Content/MobileResources/HUD/MobileHUDDirectionPad2.uasset" 252
"../../../Engine/Content/MobileResources/HUD/MobileHUDDirectionPad3.uasset" 253
"../../../Engine/Content/MobileResources/HUD/MobileHUDDirectionStick.uasset" 254
"../../../Engine/Content/MobileResources/HUD/T_Castle_ThumbstickInner.uasset" 255
"../../../Engine/Content/MobileResources/HUD/T_Castle_ThumbstickOutter.uasset" 256
"../../../Engine/Content/Tutorial/ContentIntroCurve.uasset" 257
"../../../Engine/Content/Tutorial/Basics/LevelEditorAttract.uasset" 258
"../../../Engine/Content/Tutorial/Basics/TutorialAssets/icon_tab_Levels_40x.uasset" 259
"../../../Engine/Content/Tutorial/Basics/LevelEditorOverview.uasset" 260
"../../../Engine/Content/Tutorial/BlueprintTutorials/TutorialAssets/Blueprint_64x.uasset" 261
"../../../Engine/Content/Tutorial/BlueprintTutorials/BlueprintEditorTutorial.uasset" 262
"../../../Engine/Content/Tutorial/Foliage/TutorialAssets/Foliage.uasset" 263
"../../../Engine/Content/Tutorial/Foliage/Foliage_Intro_Tutorial.uasset" 264
"../../../Engine/Content/Tutorial/Foliage/Foliage_Settings_Tutorial.uasset" 265
"../../../Engine/Content/Tutorial/Foliage/Foliage_Using_The_Tool_Tutorial.uasset" 266
"../../../Engine/Content/Tutorial/Landscape/TutorialAssets/Landscape.uasset" 267
"../../../Engine/Content/Tutorial/Landscape/LandscapeWalkThrough.uasset" 268
"../../../Engine/Content/Tutorial/Landscape/Landscape_Manage_Mode.uasset" 269
"../../../Engine/Content/Tutorial/Landscape/Landscape_Painting_Mode.uasset" 270
"../../../Engine/Content/Tutorial/Landscape/Landscape_Sculpt_Mode.uasset" 271
"../../../Engine/Content/VREditor/LaserPointer/VR_LaserPower_01.uasset" 272
"../../../Engine/Content/VREditor/TransformGizmo/TransformGizmoMaterial.uasset" 273
"../../../Engine/Content/VREditor/TransformGizmo/TranslucentTransformGizmoMaterial.uasset" 274
"../../../Engine/Content/VREditor/TransformGizmo/BoundingBoxCorner.uasset" 275
"../../../Engine/Content/VREditor/TransformGizmo/BoundingBoxEdge.uasset" 276
"../../../Engine/Content/VREditor/TransformGizmo/PlaneTranslationHandle.uasset" 277
"../../../Engine/Content/VREditor/TransformGizmo/Main.uasset" 278
"../../../Engine/Content/VREditor/TransformGizmo/Xray.uasset" 279
"../../../Engine/Content/VREditor/TransformGizmo/SM_Sequencer_Key.uasset" 280
"../../../Engine/Content/VREditor/TransformGizmo/SM_Sequencer_Node.uasset" 281
"../../Plugins/2D/Paper2D/Content/DummySprite.uasset" 282
"../../Plugins/2D/Paper2D/Content/DefaultPaperTerrainMaterial.uasset" 283
"../../Plugins/2D/Paper2D/Content/MaskedUnlitSpriteMaterial.uasset" 284
"../../Plugins/2D/Paper2D/Content/OpaqueUnlitSpriteMaterial.uasset" 285
"../../../Engine/Content/Functions/Engine_MaterialFunctions02/Utility/BreakOutFloat4Components.uasset" 286
"../../../Engine/Content/Functions/Engine_MaterialFunctions02/Utility/MakeFloat2.uasset" 287
"../../../Engine/Content/Functions/Engine_MaterialFunctions02/Utility/MakeFloat3.uasset" 288
"../../Plugins/Runtime/Oculus/OculusVR/Content/Materials/OculusMR_ChromaKey.uasset" 289
"../../Plugins/Runtime/Oculus/OculusVR/Content/Materials/OculusMR_ChromaKey_Lit.uasset" 290
"../../Plugins/Runtime/Oculus/OculusVR/Content/Materials/OculusMR_OpaqueColoredMaterial.uasset" 291
"../../Plugins/Runtime/Oculus/OculusVR/Content/Materials/OculusMR_WhiteMaterial.uasset" 292
"../../../Engine/Content/EngineSky/C_Sky_Cloud_Color.uasset" 293
"../../../Engine/Content/EngineSky/C_Sky_Horizon_Color.uasset" 294
"../../../Engine/Content/EngineSky/C_Sky_Zenith_Color.uasset" 295
"../../../Engine/Content/EngineSky/T_Sky_Blue.uasset" 296
"../../../Engine/Content/EngineSky/T_Sky_Clouds_M.uasset" 297
"../../../Engine/Content/EngineSky/T_Sky_Stars.uasset" 298
"../../../Engine/Content/EngineSky/M_Sky_Panning_Clouds2.uasset" 299
"../../../Engine/Content/EngineSky/SM_SkySphere.uasset" 300
"../../../Engine/Content/EngineSky/BP_Sky_Sphere.uasset" 301
"C:/Users/johan/Documents/GalaxyGrape2/GalaxyGrape/Content/BP_SlowDownBox.uasset" 302
"C:/Users/johan/Documents/GalaxyGrape2/GalaxyGrape/Content/BP_SlowDownGradually.uasset" 303
"C:/Users/johan/Documents/GalaxyGrape2/GalaxyGrape/Content/Map1_BuiltData.uasset" 304
"../../../Engine/Content/BasicShapes/Cube.uasset" 305
"../../../Engine/Content/MapTemplates/SM_Template_Map_Floor.uasset" 306
"C:/Users/johan/Documents/GalaxyGrape2/GalaxyGrape/Content/Map1.umap" 307
"C:/Users/johan/Documents/GalaxyGrape2/GalaxyGrape/Content/M_Door.uasset" 308
"C:/Users/johan/Documents/GalaxyGrape2/GalaxyGrape/Content/Blueprints/BP_Bench_2.uasset" 309
"C:/Users/johan/Documents/GalaxyGrape2/GalaxyGrape/Content/Blueprints/BP_Bench_3.uasset" 310
"C:/Users/johan/Documents/GalaxyGrape2/GalaxyGrape/Content/Blueprints/BP_ClonePlayer1.uasset" 311
"C:/Users/johan/Documents/GalaxyGrape2/GalaxyGrape/Content/Blueprints/BP_ClonePlayer2.uasset" 312
"C:/Users/johan/Documents/GalaxyGrape2/GalaxyGrape/Content/Blueprints/BP_Colidebox.uasset" 313
"C:/Users/johan/Documents/GalaxyGrape2/GalaxyGrape/Content/Blueprints/BP_FREEZE.uasset" 314
"C:/Users/johan/Documents/GalaxyGrape2/GalaxyGrape/Content/Blueprints/Next_Level_ZonePlayer1.uasset" 315
"C:/Users/johan/Documents/GalaxyGrape2/GalaxyGrape/Content/Blueprints/Next_Level_ZonePlayer2.uasset" 316
"C:/Users/johan/Documents/GalaxyGrape2/GalaxyGrape/Content/Materials/M_Door.uasset" 317
"C:/Users/johan/Documents/GalaxyGrape2/GalaxyGrape/Content/Knock_knoc.uasset" 318
"C:/Users/johan/Documents/GalaxyGrape2/GalaxyGrape/Content/Sprites/gamejam2020_house_happy_Sprite.uasset" 319
"C:/Users/johan/Documents/GalaxyGrape2/GalaxyGrape/Content/BP_Door.uasset" 320
"C:/Users/johan/Documents/GalaxyGrape2/GalaxyGrape/Content/BP_TestFloor.uasset" 321
"C:/Users/johan/Documents/GalaxyGrape2/GalaxyGrape/Content/Untitled_BuiltData.uasset" 322
"C:/Users/johan/Documents/GalaxyGrape2/GalaxyGrape/Content/BP_Split.uasset" 323
"C:/Users/johan/Documents/GalaxyGrape2/GalaxyGrape/Content/Levels/WBP_Sit.uasset" 324
"C:/Users/johan/Documents/GalaxyGrape2/GalaxyGrape/Content/Background.uasset" 325
"C:/Users/johan/Documents/GalaxyGrape2/GalaxyGrape/Content/Musiiiccc.uasset" 326
"C:/Users/johan/Documents/GalaxyGrape2/GalaxyGrape/Content/Sprites/Bench_map_D_Sprite.uasset" 327
"C:/Users/johan/Documents/GalaxyGrape2/GalaxyGrape/Content/Sprites/gamejam2020_house_happy2_top_Sprite.uasset" 328
"C:/Users/johan/Documents/GalaxyGrape2/GalaxyGrape/Content/Sprites/gamejam2020_house_happy_dooropen_1__Sprite.uasset" 329
"C:/Users/johan/Documents/GalaxyGrape2/GalaxyGrape/Content/Sprites/gamejam2020_house_sad2_top_1__Sprite.uasset" 330
"C:/Users/johan/Documents/GalaxyGrape2/GalaxyGrape/Content/Sprites/gamejam2020_house_sad_dooropen_Sprite.uasset" 331
"C:/Users/johan/Documents/GalaxyGrape2/GalaxyGrape/Content/Untitled.umap" 332
"C:/Users/johan/Documents/GalaxyGrape2/GalaxyGrape/Content/IMG_20200201_223342.uasset" 333
"C:/Users/johan/Documents/GalaxyGrape2/GalaxyGrape/Content/EBP_EndScene.uasset" 334
"C:/Users/johan/Documents/GalaxyGrape2/GalaxyGrape/Content/Levels/End.umap" 335
"C:/Users/johan/Documents/GalaxyGrape2/GalaxyGrape/Content/Sella_Callista.uasset" 336
"C:/Users/johan/Documents/GalaxyGrape2/GalaxyGrape/Content/Sella_Callista_Font.uasset" 337
"C:/Users/johan/Documents/GalaxyGrape2/GalaxyGrape/Content/Levels/Logo.uasset" 338
"C:/Users/johan/Documents/GalaxyGrape2/GalaxyGrape/Content/WBP_MainMenu.uasset" 339
"C:/Users/johan/Documents/GalaxyGrape2/GalaxyGrape/Content/Levels/LV_MainMenu.umap" 340
"C:/Users/johan/Documents/GalaxyGrape2/GalaxyGrape/Content/BP_Block.uasset" 341
"C:/Users/johan/Documents/GalaxyGrape2/GalaxyGrape/Content/Levels/LV_Odin.umap" 342
"../../../Engine/Content/Maps/Entry_BuiltData.uasset" 343
"../../../Engine/Content/Maps/Entry.umap" 344
